__  ____  __  _____   ___  __ ____  ______ 
 --/ __ \/ / / / _ | / _ \/ //_/ / / / __/ 
 -/ /_/ / /_/ / __ |/ , _/ ,< / /_/ /\ \   
--\___\_\____/_/ |_/_/|_/_/|_|\____/___/   
2021-06-15 06:34:50,502 INFO  [io.quarkus] (main) rest-client-quickstart 1.0.0-SNAPSHOT native (powered by Quarkus 1.13.6.Final) started in 0.029s. Listening on: http://0.0.0.0:8080
2021-06-15 06:34:50,502 INFO  [io.quarkus] (main) Profile prod activated. 
2021-06-15 06:34:50,502 INFO  [io.quarkus] (main) Installed features: [cdi, mutiny, rest-client, rest-client-jackson, rest-client-mutiny, resteasy-reactive, resteasy-reactive-jackson, smallrye-context-propagation]
2021-06-15 06:35:25,209 WARN  [org.jbo.res.res.i18n] (executor-thread-1) RESTEASY002120: ClassNotFoundException: Unable to load builtin provider org.jboss.resteasy.plugins.providers.IIOImageProvider from resource:META-INF/services/javax.ws.rs.ext.Providers: java.lang.ClassNotFoundException: org.jboss.resteasy.plugins.providers.IIOImageProvider
	at com.oracle.svm.core.hub.ClassForNameSupport.forName(ClassForNameSupport.java:60)
	at java.lang.ClassLoader.loadClass(ClassLoader.java:281)
	at org.jboss.resteasy.plugins.providers.RegisterBuiltin.registerProviders(RegisterBuiltin.java:95)
	at org.jboss.resteasy.plugins.providers.RegisterBuiltin.register(RegisterBuiltin.java:74)
	at org.jboss.resteasy.core.providerfactory.ResteasyProviderFactoryImpl.registerBuiltin(ResteasyProviderFactoryImpl.java:188)
	at org.jboss.resteasy.spi.ResteasyProviderFactory.getInstance(ResteasyProviderFactory.java:127)
	at org.jboss.resteasy.spi.ResteasyDeployment.onServer(ResteasyDeployment.java:19)
	at org.jboss.resteasy.microprofile.client.DefaultResponseExceptionMapper.handles(DefaultResponseExceptionMapper.java:28)
	at org.jboss.resteasy.microprofile.client.ExceptionMapping.filter(ExceptionMapping.java:62)
	at org.jboss.resteasy.client.jaxrs.internal.ClientInvocation.filterResponse(ClientInvocation.java:718)
	at org.jboss.resteasy.client.jaxrs.internal.ClientInvocation.invoke(ClientInvocation.java:492)
	at org.jboss.resteasy.client.jaxrs.internal.ClientInvocation.lambda$executorSubmit$11(ClientInvocation.java:773)
	at java.util.concurrent.CompletableFuture$AsyncSupply.run(CompletableFuture.java:1700)
	at org.jboss.resteasy.microprofile.client.impl.MpClientInvocation$Decorator.lambda$decorate$0(MpClientInvocation.java:93)
	at io.smallrye.context.impl.wrappers.SlowContextualRunnable.run(SlowContextualRunnable.java:19)
	at org.jboss.threads.EnhancedQueueExecutor$Task.run(EnhancedQueueExecutor.java:2415)
	at org.jboss.threads.EnhancedQueueExecutor$ThreadBody.run(EnhancedQueueExecutor.java:1452)
	at org.jboss.threads.DelegatingRunnable.run(DelegatingRunnable.java:29)
	at org.jboss.threads.ThreadLocalResettingRunnable.run(ThreadLocalResettingRunnable.java:29)
	at java.lang.Thread.run(Thread.java:834)
	at org.jboss.threads.JBossThread.run(JBossThread.java:501)
	at com.oracle.svm.core.thread.JavaThreads.threadStartRoutine(JavaThreads.java:519)
	at com.oracle.svm.core.posix.thread.PosixJavaThreads.pthreadStartRoutine(PosixJavaThreads.java:192)

2021-06-15 06:35:25,210 WARN  [org.jbo.res.res.i18n] (executor-thread-1) RESTEASY002120: ClassNotFoundException: Unable to load builtin provider org.jboss.resteasy.plugins.providers.sse.SseEventProvider from resource:META-INF/services/javax.ws.rs.ext.Providers: java.lang.ClassNotFoundException: org.jboss.resteasy.plugins.providers.sse.SseEventProvider
	at com.oracle.svm.core.hub.ClassForNameSupport.forName(ClassForNameSupport.java:60)
	at java.lang.ClassLoader.loadClass(ClassLoader.java:281)
	at org.jboss.resteasy.plugins.providers.RegisterBuiltin.registerProviders(RegisterBuiltin.java:95)
	at org.jboss.resteasy.plugins.providers.RegisterBuiltin.register(RegisterBuiltin.java:74)
	at org.jboss.resteasy.core.providerfactory.ResteasyProviderFactoryImpl.registerBuiltin(ResteasyProviderFactoryImpl.java:188)
	at org.jboss.resteasy.spi.ResteasyProviderFactory.getInstance(ResteasyProviderFactory.java:127)
	at org.jboss.resteasy.spi.ResteasyDeployment.onServer(ResteasyDeployment.java:19)
	at org.jboss.resteasy.microprofile.client.DefaultResponseExceptionMapper.handles(DefaultResponseExceptionMapper.java:28)
	at org.jboss.resteasy.microprofile.client.ExceptionMapping.filter(ExceptionMapping.java:62)
	at org.jboss.resteasy.client.jaxrs.internal.ClientInvocation.filterResponse(ClientInvocation.java:718)
	at org.jboss.resteasy.client.jaxrs.internal.ClientInvocation.invoke(ClientInvocation.java:492)
	at org.jboss.resteasy.client.jaxrs.internal.ClientInvocation.lambda$executorSubmit$11(ClientInvocation.java:773)
	at java.util.concurrent.CompletableFuture$AsyncSupply.run(CompletableFuture.java:1700)
	at org.jboss.resteasy.microprofile.client.impl.MpClientInvocation$Decorator.lambda$decorate$0(MpClientInvocation.java:93)
	at io.smallrye.context.impl.wrappers.SlowContextualRunnable.run(SlowContextualRunnable.java:19)
	at org.jboss.threads.EnhancedQueueExecutor$Task.run(EnhancedQueueExecutor.java:2415)
	at org.jboss.threads.EnhancedQueueExecutor$ThreadBody.run(EnhancedQueueExecutor.java:1452)
	at org.jboss.threads.DelegatingRunnable.run(DelegatingRunnable.java:29)
	at org.jboss.threads.ThreadLocalResettingRunnable.run(ThreadLocalResettingRunnable.java:29)
	at java.lang.Thread.run(Thread.java:834)
	at org.jboss.threads.JBossThread.run(JBossThread.java:501)
	at com.oracle.svm.core.thread.JavaThreads.threadStartRoutine(JavaThreads.java:519)
	at com.oracle.svm.core.posix.thread.PosixJavaThreads.pthreadStartRoutine(PosixJavaThreads.java:192)

2021-06-15 06:35:25,210 WARN  [org.jbo.res.res.i18n] (executor-thread-1) RESTEASY002120: ClassNotFoundException: Unable to load builtin provider org.jboss.resteasy.plugins.providers.DefaultTextPlain from resource:META-INF/services/javax.ws.rs.ext.Providers: java.lang.ClassNotFoundException: org.jboss.resteasy.plugins.providers.DefaultTextPlain
	at com.oracle.svm.core.hub.ClassForNameSupport.forName(ClassForNameSupport.java:60)
	at java.lang.ClassLoader.loadClass(ClassLoader.java:281)
	at org.jboss.resteasy.plugins.providers.RegisterBuiltin.registerProviders(RegisterBuiltin.java:95)
	at org.jboss.resteasy.plugins.providers.RegisterBuiltin.register(RegisterBuiltin.java:74)
	at org.jboss.resteasy.core.providerfactory.ResteasyProviderFactoryImpl.registerBuiltin(ResteasyProviderFactoryImpl.java:188)
	at org.jboss.resteasy.spi.ResteasyProviderFactory.getInstance(ResteasyProviderFactory.java:127)
	at org.jboss.resteasy.spi.ResteasyDeployment.onServer(ResteasyDeployment.java:19)
	at org.jboss.resteasy.microprofile.client.DefaultResponseExceptionMapper.handles(DefaultResponseExceptionMapper.java:28)
	at org.jboss.resteasy.microprofile.client.ExceptionMapping.filter(ExceptionMapping.java:62)
	at org.jboss.resteasy.client.jaxrs.internal.ClientInvocation.filterResponse(ClientInvocation.java:718)
	at org.jboss.resteasy.client.jaxrs.internal.ClientInvocation.invoke(ClientInvocation.java:492)
	at org.jboss.resteasy.client.jaxrs.internal.ClientInvocation.lambda$executorSubmit$11(ClientInvocation.java:773)
	at java.util.concurrent.CompletableFuture$AsyncSupply.run(CompletableFuture.java:1700)
	at org.jboss.resteasy.microprofile.client.impl.MpClientInvocation$Decorator.lambda$decorate$0(MpClientInvocation.java:93)
	at io.smallrye.context.impl.wrappers.SlowContextualRunnable.run(SlowContextualRunnable.java:19)
	at org.jboss.threads.EnhancedQueueExecutor$Task.run(EnhancedQueueExecutor.java:2415)
	at org.jboss.threads.EnhancedQueueExecutor$ThreadBody.run(EnhancedQueueExecutor.java:1452)
	at org.jboss.threads.DelegatingRunnable.run(DelegatingRunnable.java:29)
	at org.jboss.threads.ThreadLocalResettingRunnable.run(ThreadLocalResettingRunnable.java:29)
	at java.lang.Thread.run(Thread.java:834)
	at org.jboss.threads.JBossThread.run(JBossThread.java:501)
	at com.oracle.svm.core.thread.JavaThreads.threadStartRoutine(JavaThreads.java:519)
	at com.oracle.svm.core.posix.thread.PosixJavaThreads.pthreadStartRoutine(PosixJavaThreads.java:192)

2021-06-15 06:35:25,210 WARN  [org.jbo.res.res.i18n] (executor-thread-1) RESTEASY002120: ClassNotFoundException: Unable to load builtin provider org.jboss.resteasy.plugins.providers.FormUrlEncodedProvider from resource:META-INF/services/javax.ws.rs.ext.Providers: java.lang.ClassNotFoundException: org.jboss.resteasy.plugins.providers.FormUrlEncodedProvider
	at com.oracle.svm.core.hub.ClassForNameSupport.forName(ClassForNameSupport.java:60)
	at java.lang.ClassLoader.loadClass(ClassLoader.java:281)
	at org.jboss.resteasy.plugins.providers.RegisterBuiltin.registerProviders(RegisterBuiltin.java:95)
	at org.jboss.resteasy.plugins.providers.RegisterBuiltin.register(RegisterBuiltin.java:74)
	at org.jboss.resteasy.core.providerfactory.ResteasyProviderFactoryImpl.registerBuiltin(ResteasyProviderFactoryImpl.java:188)
	at org.jboss.resteasy.spi.ResteasyProviderFactory.getInstance(ResteasyProviderFactory.java:127)
	at org.jboss.resteasy.spi.ResteasyDeployment.onServer(ResteasyDeployment.java:19)
	at org.jboss.resteasy.microprofile.client.DefaultResponseExceptionMapper.handles(DefaultResponseExceptionMapper.java:28)
	at org.jboss.resteasy.microprofile.client.ExceptionMapping.filter(ExceptionMapping.java:62)
	at org.jboss.resteasy.client.jaxrs.internal.ClientInvocation.filterResponse(ClientInvocation.java:718)
	at org.jboss.resteasy.client.jaxrs.internal.ClientInvocation.invoke(ClientInvocation.java:492)
	at org.jboss.resteasy.client.jaxrs.internal.ClientInvocation.lambda$executorSubmit$11(ClientInvocation.java:773)
	at java.util.concurrent.CompletableFuture$AsyncSupply.run(CompletableFuture.java:1700)
	at org.jboss.resteasy.microprofile.client.impl.MpClientInvocation$Decorator.lambda$decorate$0(MpClientInvocation.java:93)
	at io.smallrye.context.impl.wrappers.SlowContextualRunnable.run(SlowContextualRunnable.java:19)
	at org.jboss.threads.EnhancedQueueExecutor$Task.run(EnhancedQueueExecutor.java:2415)
	at org.jboss.threads.EnhancedQueueExecutor$ThreadBody.run(EnhancedQueueExecutor.java:1452)
	at org.jboss.threads.DelegatingRunnable.run(DelegatingRunnable.java:29)
	at org.jboss.threads.ThreadLocalResettingRunnable.run(ThreadLocalResettingRunnable.java:29)
	at java.lang.Thread.run(Thread.java:834)
	at org.jboss.threads.JBossThread.run(JBossThread.java:501)
	at com.oracle.svm.core.thread.JavaThreads.threadStartRoutine(JavaThreads.java:519)
	at com.oracle.svm.core.posix.thread.PosixJavaThreads.pthreadStartRoutine(PosixJavaThreads.java:192)

2021-06-15 06:35:25,210 WARN  [org.jbo.res.res.i18n] (executor-thread-1) RESTEASY002120: ClassNotFoundException: Unable to load builtin provider org.jboss.resteasy.plugins.providers.DefaultNumberWriter from resource:META-INF/services/javax.ws.rs.ext.Providers: java.lang.ClassNotFoundException: org.jboss.resteasy.plugins.providers.DefaultNumberWriter
	at com.oracle.svm.core.hub.ClassForNameSupport.forName(ClassForNameSupport.java:60)
	at java.lang.ClassLoader.loadClass(ClassLoader.java:281)
	at org.jboss.resteasy.plugins.providers.RegisterBuiltin.registerProviders(RegisterBuiltin.java:95)
	at org.jboss.resteasy.plugins.providers.RegisterBuiltin.register(RegisterBuiltin.java:74)
	at org.jboss.resteasy.core.providerfactory.ResteasyProviderFactoryImpl.registerBuiltin(ResteasyProviderFactoryImpl.java:188)
	at org.jboss.resteasy.spi.ResteasyProviderFactory.getInstance(ResteasyProviderFactory.java:127)
	at org.jboss.resteasy.spi.ResteasyDeployment.onServer(ResteasyDeployment.java:19)
	at org.jboss.resteasy.microprofile.client.DefaultResponseExceptionMapper.handles(DefaultResponseExceptionMapper.java:28)
	at org.jboss.resteasy.microprofile.client.ExceptionMapping.filter(ExceptionMapping.java:62)
	at org.jboss.resteasy.client.jaxrs.internal.ClientInvocation.filterResponse(ClientInvocation.java:718)
	at org.jboss.resteasy.client.jaxrs.internal.ClientInvocation.invoke(ClientInvocation.java:492)
	at org.jboss.resteasy.client.jaxrs.internal.ClientInvocation.lambda$executorSubmit$11(ClientInvocation.java:773)
	at java.util.concurrent.CompletableFuture$AsyncSupply.run(CompletableFuture.java:1700)
	at org.jboss.resteasy.microprofile.client.impl.MpClientInvocation$Decorator.lambda$decorate$0(MpClientInvocation.java:93)
	at io.smallrye.context.impl.wrappers.SlowContextualRunnable.run(SlowContextualRunnable.java:19)
	at org.jboss.threads.EnhancedQueueExecutor$Task.run(EnhancedQueueExecutor.java:2415)
	at org.jboss.threads.EnhancedQueueExecutor$ThreadBody.run(EnhancedQueueExecutor.java:1452)
	at org.jboss.threads.DelegatingRunnable.run(DelegatingRunnable.java:29)
	at org.jboss.threads.ThreadLocalResettingRunnable.run(ThreadLocalResettingRunnable.java:29)
	at java.lang.Thread.run(Thread.java:834)
	at org.jboss.threads.JBossThread.run(JBossThread.java:501)
	at com.oracle.svm.core.thread.JavaThreads.threadStartRoutine(JavaThreads.java:519)
	at com.oracle.svm.core.posix.thread.PosixJavaThreads.pthreadStartRoutine(PosixJavaThreads.java:192)

2021-06-15 06:35:25,211 WARN  [org.jbo.res.res.i18n] (executor-thread-1) RESTEASY002120: ClassNotFoundException: Unable to load builtin provider org.jboss.resteasy.plugins.providers.SourceProvider from resource:META-INF/services/javax.ws.rs.ext.Providers: java.lang.ClassNotFoundException: org.jboss.resteasy.plugins.providers.SourceProvider
	at com.oracle.svm.core.hub.ClassForNameSupport.forName(ClassForNameSupport.java:60)
	at java.lang.ClassLoader.loadClass(ClassLoader.java:281)
	at org.jboss.resteasy.plugins.providers.RegisterBuiltin.registerProviders(RegisterBuiltin.java:95)
	at org.jboss.resteasy.plugins.providers.RegisterBuiltin.register(RegisterBuiltin.java:74)
	at org.jboss.resteasy.core.providerfactory.ResteasyProviderFactoryImpl.registerBuiltin(ResteasyProviderFactoryImpl.java:188)
	at org.jboss.resteasy.spi.ResteasyProviderFactory.getInstance(ResteasyProviderFactory.java:127)
	at org.jboss.resteasy.spi.ResteasyDeployment.onServer(ResteasyDeployment.java:19)
	at org.jboss.resteasy.microprofile.client.DefaultResponseExceptionMapper.handles(DefaultResponseExceptionMapper.java:28)
	at org.jboss.resteasy.microprofile.client.ExceptionMapping.filter(ExceptionMapping.java:62)
	at org.jboss.resteasy.client.jaxrs.internal.ClientInvocation.filterResponse(ClientInvocation.java:718)
	at org.jboss.resteasy.client.jaxrs.internal.ClientInvocation.invoke(ClientInvocation.java:492)
	at org.jboss.resteasy.client.jaxrs.internal.ClientInvocation.lambda$executorSubmit$11(ClientInvocation.java:773)
	at java.util.concurrent.CompletableFuture$AsyncSupply.run(CompletableFuture.java:1700)
	at org.jboss.resteasy.microprofile.client.impl.MpClientInvocation$Decorator.lambda$decorate$0(MpClientInvocation.java:93)
	at io.smallrye.context.impl.wrappers.SlowContextualRunnable.run(SlowContextualRunnable.java:19)
	at org.jboss.threads.EnhancedQueueExecutor$Task.run(EnhancedQueueExecutor.java:2415)
	at org.jboss.threads.EnhancedQueueExecutor$ThreadBody.run(EnhancedQueueExecutor.java:1452)
	at org.jboss.threads.DelegatingRunnable.run(DelegatingRunnable.java:29)
	at org.jboss.threads.ThreadLocalResettingRunnable.run(ThreadLocalResettingRunnable.java:29)
	at java.lang.Thread.run(Thread.java:834)
	at org.jboss.threads.JBossThread.run(JBossThread.java:501)
	at com.oracle.svm.core.thread.JavaThreads.threadStartRoutine(JavaThreads.java:519)
	at com.oracle.svm.core.posix.thread.PosixJavaThreads.pthreadStartRoutine(PosixJavaThreads.java:192)

2021-06-15 06:35:25,211 WARN  [org.jbo.res.res.i18n] (executor-thread-1) RESTEASY002120: ClassNotFoundException: Unable to load builtin provider org.jboss.resteasy.plugins.providers.DocumentProvider from resource:META-INF/services/javax.ws.rs.ext.Providers: java.lang.ClassNotFoundException: org.jboss.resteasy.plugins.providers.DocumentProvider
	at com.oracle.svm.core.hub.ClassForNameSupport.forName(ClassForNameSupport.java:60)
	at java.lang.ClassLoader.loadClass(ClassLoader.java:281)
	at org.jboss.resteasy.plugins.providers.RegisterBuiltin.registerProviders(RegisterBuiltin.java:95)
	at org.jboss.resteasy.plugins.providers.RegisterBuiltin.register(RegisterBuiltin.java:74)
	at org.jboss.resteasy.core.providerfactory.ResteasyProviderFactoryImpl.registerBuiltin(ResteasyProviderFactoryImpl.java:188)
	at org.jboss.resteasy.spi.ResteasyProviderFactory.getInstance(ResteasyProviderFactory.java:127)
	at org.jboss.resteasy.spi.ResteasyDeployment.onServer(ResteasyDeployment.java:19)
	at org.jboss.resteasy.microprofile.client.DefaultResponseExceptionMapper.handles(DefaultResponseExceptionMapper.java:28)
	at org.jboss.resteasy.microprofile.client.ExceptionMapping.filter(ExceptionMapping.java:62)
	at org.jboss.resteasy.client.jaxrs.internal.ClientInvocation.filterResponse(ClientInvocation.java:718)
	at org.jboss.resteasy.client.jaxrs.internal.ClientInvocation.invoke(ClientInvocation.java:492)
	at org.jboss.resteasy.client.jaxrs.internal.ClientInvocation.lambda$executorSubmit$11(ClientInvocation.java:773)
	at java.util.concurrent.CompletableFuture$AsyncSupply.run(CompletableFuture.java:1700)
	at org.jboss.resteasy.microprofile.client.impl.MpClientInvocation$Decorator.lambda$decorate$0(MpClientInvocation.java:93)
	at io.smallrye.context.impl.wrappers.SlowContextualRunnable.run(SlowContextualRunnable.java:19)
	at org.jboss.threads.EnhancedQueueExecutor$Task.run(EnhancedQueueExecutor.java:2415)
	at org.jboss.threads.EnhancedQueueExecutor$ThreadBody.run(EnhancedQueueExecutor.java:1452)
	at org.jboss.threads.DelegatingRunnable.run(DelegatingRunnable.java:29)
	at org.jboss.threads.ThreadLocalResettingRunnable.run(ThreadLocalResettingRunnable.java:29)
	at java.lang.Thread.run(Thread.java:834)
	at org.jboss.threads.JBossThread.run(JBossThread.java:501)
	at com.oracle.svm.core.thread.JavaThreads.threadStartRoutine(JavaThreads.java:519)
	at com.oracle.svm.core.posix.thread.PosixJavaThreads.pthreadStartRoutine(PosixJavaThreads.java:192)

2021-06-15 06:35:25,211 WARN  [org.jbo.res.res.i18n] (executor-thread-1) RESTEASY002120: ClassNotFoundException: Unable to load builtin provider org.jboss.resteasy.plugins.providers.DefaultBooleanWriter from resource:META-INF/services/javax.ws.rs.ext.Providers: java.lang.ClassNotFoundException: org.jboss.resteasy.plugins.providers.DefaultBooleanWriter
	at com.oracle.svm.core.hub.ClassForNameSupport.forName(ClassForNameSupport.java:60)
	at java.lang.ClassLoader.loadClass(ClassLoader.java:281)
	at org.jboss.resteasy.plugins.providers.RegisterBuiltin.registerProviders(RegisterBuiltin.java:95)
	at org.jboss.resteasy.plugins.providers.RegisterBuiltin.register(RegisterBuiltin.java:74)
	at org.jboss.resteasy.core.providerfactory.ResteasyProviderFactoryImpl.registerBuiltin(ResteasyProviderFactoryImpl.java:188)
	at org.jboss.resteasy.spi.ResteasyProviderFactory.getInstance(ResteasyProviderFactory.java:127)
	at org.jboss.resteasy.spi.ResteasyDeployment.onServer(ResteasyDeployment.java:19)
	at org.jboss.resteasy.microprofile.client.DefaultResponseExceptionMapper.handles(DefaultResponseExceptionMapper.java:28)
	at org.jboss.resteasy.microprofile.client.ExceptionMapping.filter(ExceptionMapping.java:62)
	at org.jboss.resteasy.client.jaxrs.internal.ClientInvocation.filterResponse(ClientInvocation.java:718)
	at org.jboss.resteasy.client.jaxrs.internal.ClientInvocation.invoke(ClientInvocation.java:492)
	at org.jboss.resteasy.client.jaxrs.internal.ClientInvocation.lambda$executorSubmit$11(ClientInvocation.java:773)
	at java.util.concurrent.CompletableFuture$AsyncSupply.run(CompletableFuture.java:1700)
	at org.jboss.resteasy.microprofile.client.impl.MpClientInvocation$Decorator.lambda$decorate$0(MpClientInvocation.java:93)
	at io.smallrye.context.impl.wrappers.SlowContextualRunnable.run(SlowContextualRunnable.java:19)
	at org.jboss.threads.EnhancedQueueExecutor$Task.run(EnhancedQueueExecutor.java:2415)
	at org.jboss.threads.EnhancedQueueExecutor$ThreadBody.run(EnhancedQueueExecutor.java:1452)
	at org.jboss.threads.DelegatingRunnable.run(DelegatingRunnable.java:29)
	at org.jboss.threads.ThreadLocalResettingRunnable.run(ThreadLocalResettingRunnable.java:29)
	at java.lang.Thread.run(Thread.java:834)
	at org.jboss.threads.JBossThread.run(JBossThread.java:501)
	at com.oracle.svm.core.thread.JavaThreads.threadStartRoutine(JavaThreads.java:519)
	at com.oracle.svm.core.posix.thread.PosixJavaThreads.pthreadStartRoutine(PosixJavaThreads.java:192)

2021-06-15 06:35:25,211 WARN  [org.jbo.res.res.i18n] (executor-thread-1) RESTEASY002120: ClassNotFoundException: Unable to load builtin provider org.jboss.resteasy.plugins.providers.JaxrsFormProvider from resource:META-INF/services/javax.ws.rs.ext.Providers: java.lang.ClassNotFoundException: org.jboss.resteasy.plugins.providers.JaxrsFormProvider
	at com.oracle.svm.core.hub.ClassForNameSupport.forName(ClassForNameSupport.java:60)
	at java.lang.ClassLoader.loadClass(ClassLoader.java:281)
	at org.jboss.resteasy.plugins.providers.RegisterBuiltin.registerProviders(RegisterBuiltin.java:95)
	at org.jboss.resteasy.plugins.providers.RegisterBuiltin.register(RegisterBuiltin.java:74)
	at org.jboss.resteasy.core.providerfactory.ResteasyProviderFactoryImpl.registerBuiltin(ResteasyProviderFactoryImpl.java:188)
	at org.jboss.resteasy.spi.ResteasyProviderFactory.getInstance(ResteasyProviderFactory.java:127)
	at org.jboss.resteasy.spi.ResteasyDeployment.onServer(ResteasyDeployment.java:19)
	at org.jboss.resteasy.microprofile.client.DefaultResponseExceptionMapper.handles(DefaultResponseExceptionMapper.java:28)
	at org.jboss.resteasy.microprofile.client.ExceptionMapping.filter(ExceptionMapping.java:62)
	at org.jboss.resteasy.client.jaxrs.internal.ClientInvocation.filterResponse(ClientInvocation.java:718)
	at org.jboss.resteasy.client.jaxrs.internal.ClientInvocation.invoke(ClientInvocation.java:492)
	at org.jboss.resteasy.client.jaxrs.internal.ClientInvocation.lambda$executorSubmit$11(ClientInvocation.java:773)
	at java.util.concurrent.CompletableFuture$AsyncSupply.run(CompletableFuture.java:1700)
	at org.jboss.resteasy.microprofile.client.impl.MpClientInvocation$Decorator.lambda$decorate$0(MpClientInvocation.java:93)
	at io.smallrye.context.impl.wrappers.SlowContextualRunnable.run(SlowContextualRunnable.java:19)
	at org.jboss.threads.EnhancedQueueExecutor$Task.run(EnhancedQueueExecutor.java:2415)
	at org.jboss.threads.EnhancedQueueExecutor$ThreadBody.run(EnhancedQueueExecutor.java:1452)
	at org.jboss.threads.DelegatingRunnable.run(DelegatingRunnable.java:29)
	at org.jboss.threads.ThreadLocalResettingRunnable.run(ThreadLocalResettingRunnable.java:29)
	at java.lang.Thread.run(Thread.java:834)
	at org.jboss.threads.JBossThread.run(JBossThread.java:501)
	at com.oracle.svm.core.thread.JavaThreads.threadStartRoutine(JavaThreads.java:519)
	at com.oracle.svm.core.posix.thread.PosixJavaThreads.pthreadStartRoutine(PosixJavaThreads.java:192)

